Using pre-set license
Built from '2023.1/staging' branch; Version is '2023.1.15f1 (831263a4172c) revision 8589923'; Using compiler version '192829333'; Build Type 'Release'
OS: 'Windows 11  (10.0.22621) 64bit Professional' Language: 'tr' Physical Memory: 16221 MB
BatchMode: 1, IsHumanControllingUs: 0, StartBugReporterOnCrash: 0, Is64bit: 1, IsPro: 1

COMMAND LINE ARGUMENTS:
C:\Program Files\Unity\Hub\Editor\2023.1.15f1\Editor\Unity.exe
-adb2
-batchMode
-noUpm
-name
AssetImportWorker0
-projectPath
C:/Users/omerf/Unity kod/Hafta12
-logFile
Logs/AssetImportWorker0.log
-srvPort
59607
Successfully changed project path to: C:/Users/omerf/Unity kod/Hafta12
C:/Users/omerf/Unity kod/Hafta12
[UnityMemory] Configuration Parameters - Can be set up in boot.config
    "memorysetup-bucket-allocator-granularity=16"
    "memorysetup-bucket-allocator-bucket-count=8"
    "memorysetup-bucket-allocator-block-size=33554432"
    "memorysetup-bucket-allocator-block-count=8"
    "memorysetup-main-allocator-block-size=16777216"
    "memorysetup-thread-allocator-block-size=16777216"
    "memorysetup-gfx-main-allocator-block-size=16777216"
    "memorysetup-gfx-thread-allocator-block-size=16777216"
    "memorysetup-cache-allocator-block-size=4194304"
    "memorysetup-typetree-allocator-block-size=2097152"
    "memorysetup-profiler-bucket-allocator-granularity=16"
    "memorysetup-profiler-bucket-allocator-bucket-count=8"
    "memorysetup-profiler-bucket-allocator-block-size=33554432"
    "memorysetup-profiler-bucket-allocator-block-count=8"
    "memorysetup-profiler-allocator-block-size=16777216"
    "memorysetup-profiler-editor-allocator-block-size=1048576"
    "memorysetup-temp-allocator-size-main=16777216"
    "memorysetup-job-temp-allocator-block-size=2097152"
    "memorysetup-job-temp-allocator-block-size-background=1048576"
    "memorysetup-job-temp-allocator-reduction-small-platforms=262144"
    "memorysetup-allocator-temp-initial-block-size-main=262144"
    "memorysetup-allocator-temp-initial-block-size-worker=262144"
    "memorysetup-temp-allocator-size-background-worker=32768"
    "memorysetup-temp-allocator-size-job-worker=262144"
    "memorysetup-temp-allocator-size-preload-manager=33554432"
    "memorysetup-temp-allocator-size-nav-mesh-worker=65536"
    "memorysetup-temp-allocator-size-audio-worker=65536"
    "memorysetup-temp-allocator-size-cloud-worker=32768"
    "memorysetup-temp-allocator-size-gi-baking-worker=262144"
    "memorysetup-temp-allocator-size-gfx=262144"
Player connection [3556] Host "[IP] 192.168.4.172 [Port] 0 [Flags] 2 [Guid] 629720342 [EditorId] 629720342 [Version] 1048832 [Id] WindowsEditor(7,Omer) [Debug] 1 [PackageName] WindowsEditor [ProjectName] Editor" joined multi-casting on [225.0.0.222:54997]...

Player connection [3556] Host "[IP] 192.168.4.172 [Port] 0 [Flags] 2 [Guid] 629720342 [EditorId] 629720342 [Version] 1048832 [Id] WindowsEditor(7,Omer) [Debug] 1 [PackageName] WindowsEditor [ProjectName] Editor" joined alternative multi-casting on [225.0.0.222:34997]...

[Physics::Module] Initialized MultithreadedJobDispatcher with 11 workers.
Library Redirect Path: Library/Refreshing native plugins compatible for Editor in 9.25 ms, found 3 plugins.
Preloading 0 native plugins for Editor in 0.00 ms.
Initialize engine version: 2023.1.15f1 (831263a4172c)
[Subsystems] Discovering subsystems at path C:/Program Files/Unity/Hub/Editor/2023.1.15f1/Editor/Data/Resources/UnitySubsystems
[Subsystems] Discovering subsystems at path C:/Users/omerf/Unity kod/Hafta12/Assets
GfxDevice: creating device client; threaded=0; jobified=0
Direct3D:
    Version:  Direct3D 11.0 [level 11.1]
    Renderer: NVIDIA GeForce GTX 1650 (ID=0x1f99)
    Vendor:   NVIDIA
    VRAM:     3937 MB
    Driver:   31.0.15.5123
Initialize mono
Mono path[0] = 'C:/Program Files/Unity/Hub/Editor/2023.1.15f1/Editor/Data/Managed'
Mono path[1] = 'C:/Program Files/Unity/Hub/Editor/2023.1.15f1/Editor/Data/MonoBleedingEdge/lib/mono/unityjit-win32'
Mono config path = 'C:/Program Files/Unity/Hub/Editor/2023.1.15f1/Editor/Data/MonoBleedingEdge/etc'
Using monoOptions --debugger-agent=transport=dt_socket,embedding=1,server=y,suspend=n,address=127.0.0.1:56084
Begin MonoManager ReloadAssembly
C:\build\output\Unity-Technologies\mono\mono\metadata\icall.c:1842:
C:\build\output\Unity-Technologies\mono\mono\metadata\icall.c:1842:
C:\build\output\Unity-Technologies\mono\mono\metadata\icall.c:1842:
C:\build\output\Unity-Technologies\mono\mono\metadata\icall.c:1842:
C:\build\output\Unity-Technologies\mono\mono\metadata\icall.c:1842:
C:\build\output\Unity-Technologies\mono\mono\metadata\icall.c:1842:
C:\build\output\Unity-Technologies\mono\mono\metadata\icall.c:1842:
C:\build\output\Unity-Technologies\mono\mono\metadata\icall.c:1842:
C:\build\output\Unity-Technologies\mono\mono\metadata\icall.c:1842:
C:\build\output\Unity-Technologies\mono\mono\metadata\icall.c:1842:
Registering precompiled unity dll's ...
Register platform support module: C:/Program Files/Unity/Hub/Editor/2023.1.15f1/Editor/Data/PlaybackEngines/WindowsStandaloneSupport/UnityEditor.WindowsStandalone.Extensions.dll
Register platform support module: C:/Program Files/Unity/Hub/Editor/2023.1.15f1/Editor/Data/PlaybackEngines/AndroidPlayer/UnityEditor.Android.Extensions.dll
Registered in 0.004490 seconds.
- Loaded All Assemblies, in  0.578 seconds
Native extension for Android target not found
Android Extension - Scanning For ADB Devices 349 ms
Native extension for WindowsStandalone target not found
Mono: successfully reloaded assembly
C:\build\output\Unity-Technologies\mono\mono\metadata\icall.c:1842:
C:\build\output\Unity-Technologies\mono\mono\metadata\icall.c:1842:
- Finished resetting the current domain, in  0.897 seconds
Domain Reload Profiling: 1472ms
	BeginReloadAssembly (184ms)
		ExecutionOrderSort (0ms)
		DisableScriptedObjects (0ms)
		BackupInstance (0ms)
		ReleaseScriptingObjects (0ms)
		CreateAndSetChildDomain (1ms)
	RebuildCommonClasses (48ms)
	RebuildNativeTypeToScriptingClass (16ms)
	initialDomainReloadingComplete (72ms)
	LoadAllAssembliesAndSetupDomain (254ms)
		LoadAssemblies (182ms)
		RebuildTransferFunctionScriptingTraits (0ms)
		AnalyzeDomain (248ms)
			TypeCache.Refresh (246ms)
				TypeCache.ScanAssembly (228ms)
			ScanForSourceGeneratedMonoScriptInfo (1ms)
			ResolveRequiredComponents (1ms)
	FinalizeReload (897ms)
		ReleaseScriptCaches (0ms)
		RebuildScriptCaches (0ms)
		SetupLoadedEditorAssemblies (829ms)
			LogAssemblyErrors (0ms)
			InitializePlatformSupportModulesInManaged (497ms)
			SetLoadedEditorAssemblies (5ms)
			BeforeProcessingInitializeOnLoad (11ms)
			ProcessInitializeOnLoadAttributes (221ms)
			ProcessInitializeOnLoadMethodAttributes (95ms)
			AfterProcessingInitializeOnLoad (0ms)
			EditorAssembliesLoaded (0ms)
		ExecutionOrderSort2 (0ms)
		AwakeInstancesAfterBackupRestoration (0ms)
========================================================================
Worker process is ready to serve import requests
Import Worker Mode flag is 0x00
Begin MonoManager ReloadAssembly
C:\build\output\Unity-Technologies\mono\mono\metadata\icall.c:1842:
C:\build\output\Unity-Technologies\mono\mono\metadata\icall.c:1842:
C:\build\output\Unity-Technologies\mono\mono\metadata\icall.c:1842:
C:\build\output\Unity-Technologies\mono\mono\metadata\icall.c:1842:
C:\build\output\Unity-Technologies\mono\mono\metadata\icall.c:1842:
C:\build\output\Unity-Technologies\mono\mono\metadata\icall.c:1842:
C:\build\output\Unity-Technologies\mono\mono\metadata\icall.c:1842:
C:\build\output\Unity-Technologies\mono\mono\metadata\icall.c:1842:
C:\build\output\Unity-Technologies\mono\mono\metadata\icall.c:1842:
C:\build\output\Unity-Technologies\mono\mono\metadata\icall.c:1842:
C:\build\output\Unity-Technologies\mono\mono\metadata\icall.c:1842:
C:\build\output\Unity-Technologies\mono\mono\metadata\icall.c:1842:
Symbol file LoadedFromMemory doesn't match image C:\Users\omerf\Unity kod\Hafta12\Library\PackageCache\com.unity.visualscripting@1.8.0\Editor\VisualScripting.Core\Dependencies\YamlDotNet\Unity.VisualScripting.YamlDotNet.dll
Symbol file LoadedFromMemory doesn't match image C:\Users\omerf\Unity kod\Hafta12\Library\PackageCache\com.unity.visualscripting@1.8.0\Editor\VisualScripting.Core\Dependencies\DotNetZip\Unity.VisualScripting.IonicZip.dll
- Loaded All Assemblies, in  1.164 seconds
Refreshing native plugins compatible for Editor in 2.41 ms, found 3 plugins.
Native extension for Android target not found
Native extension for WindowsStandalone target not found
Mono: successfully reloaded assembly
- Finished resetting the current domain, in  0.961 seconds
Domain Reload Profiling: 2122ms
	BeginReloadAssembly (343ms)
		ExecutionOrderSort (0ms)
		DisableScriptedObjects (8ms)
		BackupInstance (0ms)
		ReleaseScriptingObjects (0ms)
		CreateAndSetChildDomain (32ms)
	RebuildCommonClasses (58ms)
	RebuildNativeTypeToScriptingClass (21ms)
	initialDomainReloadingComplete (46ms)
	LoadAllAssembliesAndSetupDomain (692ms)
		LoadAssemblies (440ms)
		RebuildTransferFunctionScriptingTraits (0ms)
		AnalyzeDomain (397ms)
			TypeCache.Refresh (377ms)
				TypeCache.ScanAssembly (354ms)
			ScanForSourceGeneratedMonoScriptInfo (16ms)
			ResolveRequiredComponents (5ms)
	FinalizeReload (961ms)
		ReleaseScriptCaches (0ms)
		RebuildScriptCaches (0ms)
		SetupLoadedEditorAssemblies (712ms)
			LogAssemblyErrors (0ms)
			InitializePlatformSupportModulesInManaged (30ms)
			SetLoadedEditorAssemblies (7ms)
			BeforeProcessingInitializeOnLoad (176ms)
			ProcessInitializeOnLoadAttributes (465ms)
			ProcessInitializeOnLoadMethodAttributes (29ms)
			AfterProcessingInitializeOnLoad (5ms)
			EditorAssembliesLoaded (0ms)
		ExecutionOrderSort2 (0ms)
		AwakeInstancesAfterBackupRestoration (8ms)
Launched and connected shader compiler UnityShaderCompiler.exe after 0.01 seconds
Refreshing native plugins compatible for Editor in 4.29 ms, found 3 plugins.
Preloading 0 native plugins for Editor in 0.00 ms.
Unloading 3125 Unused Serialized files (Serialized files now loaded: 0)
Unloading 31 unused Assets / (52.5 KB). Loaded Objects now: 3667.
Memory consumption went from 124.1 MB to 124.1 MB.
Total: 4.586200 ms (FindLiveObjects: 0.276700 ms CreateObjectMapping: 0.344400 ms MarkObjects: 3.857600 ms  DeleteObjects: 0.106200 ms)

AssetImportParameters requested are different than current active one (requested -> active):
  custom:video-decoder-webm-vp8: 9c59270c3fd7afecdb556c50c9e8de78 -> 
  custom:SearchIndexIgnoredProperties: e643bd26f0fe6173181afceb89e7c659 -> 
  custom:audio-encoder-webm-vorbis: bf7c407c2cedff20999df2af8eb42d56 -> 
  custom:AudioImporter_EditorPlatform: d09bf68614088b80899f8185d706f6e7 -> 
  custom:audio-decoder-ogg-vorbis: bf7c407c2cedff20999df2af8eb42d56 -> 
  custom:video-encoder-webm-vp8: eb34c28f22e8b96e1ab97ce403110664 -> 
  custom:container-demuxer-ogg: 62fdf1f143b41e24485cea50d1cbac27 -> 
  custom:framework-win-MediaFoundation: 216162199b28c13a410421893ffa2e32 -> 
  custom:video-decoder-ogg-theora: a1e56fd34408186e4bbccfd4996cb3dc -> 
  custom:container-muxer-webm: aa71ff27fc2769a1b78a27578f13a17b -> 
  custom:CustomObjectIndexerAttribute: 756ad292c208cfabdd7b50bc23989ffe -> 
  custom:container-demuxer-webm: 4f35f7cbe854078d1ac9338744f61a02 -> 
========================================================================
Received Import Request.
  Time since last request: 678868.052901 seconds.
  path: Assets/BuildingPreset/Building Preset.asset
  artifactKey: Guid(f9112a3cded4d0647af7750b5ab9ec87) Importer(815301076,1909f56bfc062723c751e8b465ee728b)
Start importing Assets/BuildingPreset/Building Preset.asset using Guid(f9112a3cded4d0647af7750b5ab9ec87) Importer(815301076,1909f56bfc062723c751e8b465ee728b)  -> (artifact id: 'd67202109dc5b1715546fbb444aac772') in 0.019752 seconds
Number of updated asset objects reloaded before import = 0
Number of asset objects unloaded after import = 1
========================================================================
Received Import Request.
  Time since last request: 17.266768 seconds.
  path: Assets/BuildingPreset/House.asset
  artifactKey: Guid(f9112a3cded4d0647af7750b5ab9ec87) Importer(815301076,1909f56bfc062723c751e8b465ee728b)
Start importing Assets/BuildingPreset/House.asset using Guid(f9112a3cded4d0647af7750b5ab9ec87) Importer(815301076,1909f56bfc062723c751e8b465ee728b)  -> (artifact id: '7bf439d8a7c4756905e4087851e295dd') in 0.000936 seconds
Number of updated asset objects reloaded before import = 0
Number of asset objects unloaded after import = 1
========================================================================
Received Import Request.
  Time since last request: 108.848718 seconds.
  path: Assets/prefab
  artifactKey: Guid(9fe009ef44f93ce49898a4822df96f7a) Importer(815301076,1909f56bfc062723c751e8b465ee728b)
Start importing Assets/prefab using Guid(9fe009ef44f93ce49898a4822df96f7a) Importer(815301076,1909f56bfc062723c751e8b465ee728b)  -> (artifact id: '7ac1396ea47e86f9f763c43815247839') in 0.000567 seconds
Number of updated asset objects reloaded before import = 0
Number of asset objects unloaded after import = 0
========================================================================
Received Import Request.
  Time since last request: 2.968126 seconds.
  path: Assets/prefab/BuildingHouse.prefab
  artifactKey: Guid(9fae146b3fb312543a7b51ba717b9f5a) Importer(815301076,1909f56bfc062723c751e8b465ee728b)
Start importing Assets/prefab/BuildingHouse.prefab using Guid(9fae146b3fb312543a7b51ba717b9f5a) Importer(815301076,1909f56bfc062723c751e8b465ee728b)  -> (artifact id: 'f47f84a18c84ffba4fe6b007fa5f88f8') in 0.096023 seconds
Number of updated asset objects reloaded before import = 0
Number of asset objects unloaded after import = 24
========================================================================
Received Import Request.
  Time since last request: 46.290657 seconds.
  path: Assets/BuildingPreset/House.asset
  artifactKey: Guid(f9112a3cded4d0647af7750b5ab9ec87) Importer(815301076,1909f56bfc062723c751e8b465ee728b)
Start importing Assets/BuildingPreset/House.asset using Guid(f9112a3cded4d0647af7750b5ab9ec87) Importer(815301076,1909f56bfc062723c751e8b465ee728b)  -> (artifact id: 'b3098f89b1543ee8fc1350db0751ef10') in 0.003060 seconds
Number of updated asset objects reloaded before import = 0
Number of asset objects unloaded after import = 12
========================================================================
Received Import Request.
  Time since last request: 0.711924 seconds.
  path: Assets/BuildingPreset/House 2.asset
  artifactKey: Guid(20b0a36282db68e40a5be64255cf47c5) Importer(815301076,1909f56bfc062723c751e8b465ee728b)
Start importing Assets/BuildingPreset/House 2.asset using Guid(20b0a36282db68e40a5be64255cf47c5) Importer(815301076,1909f56bfc062723c751e8b465ee728b)  -> (artifact id: '68fe5048be54b6ff3b0ede8afd84bd41') in 0.002554 seconds
Number of updated asset objects reloaded before import = 0
Number of asset objects unloaded after import = 13
========================================================================
Received Import Request.
  Time since last request: 6.818632 seconds.
  path: Assets/BuildingPreset/Barn.asset
  artifactKey: Guid(eb175bb8d59aa7e4a9af198d1ac6b241) Importer(815301076,1909f56bfc062723c751e8b465ee728b)
Start importing Assets/BuildingPreset/Barn.asset using Guid(eb175bb8d59aa7e4a9af198d1ac6b241) Importer(815301076,1909f56bfc062723c751e8b465ee728b)  -> (artifact id: 'c29b6b6229309ea2beb5a06fb340e21e') in 0.002409 seconds
Number of updated asset objects reloaded before import = 0
Number of asset objects unloaded after import = 13
========================================================================
Received Import Request.
  Time since last request: 16.885185 seconds.
  path: Assets/BuildingPreset/Farm.asset
  artifactKey: Guid(eb175bb8d59aa7e4a9af198d1ac6b241) Importer(815301076,1909f56bfc062723c751e8b465ee728b)
Start importing Assets/BuildingPreset/Farm.asset using Guid(eb175bb8d59aa7e4a9af198d1ac6b241) Importer(815301076,1909f56bfc062723c751e8b465ee728b)  -> (artifact id: '8f7527eea5e4c0fa45a2079ea59854ad') in 0.002208 seconds
Number of updated asset objects reloaded before import = 0
Number of asset objects unloaded after import = 13
========================================================================
Received Import Request.
  Time since last request: 8.175441 seconds.
  path: Assets/BuildingPreset/Factory.asset
  artifactKey: Guid(20b0a36282db68e40a5be64255cf47c5) Importer(815301076,1909f56bfc062723c751e8b465ee728b)
Start importing Assets/BuildingPreset/Factory.asset using Guid(20b0a36282db68e40a5be64255cf47c5) Importer(815301076,1909f56bfc062723c751e8b465ee728b)  -> (artifact id: '2b980d6c714fada26a84948e8c03dc89') in 0.002124 seconds
Number of updated asset objects reloaded before import = 0
Number of asset objects unloaded after import = 13
========================================================================
Received Import Request.
  Time since last request: 47.472085 seconds.
  path: Assets/prefab/BuildingHouse.prefab
  artifactKey: Guid(9fae146b3fb312543a7b51ba717b9f5a) Importer(815301076,1909f56bfc062723c751e8b465ee728b)
Start importing Assets/prefab/BuildingHouse.prefab using Guid(9fae146b3fb312543a7b51ba717b9f5a) Importer(815301076,1909f56bfc062723c751e8b465ee728b)  -> (artifact id: '754f26695cf0f347aba0ab440c87aba3') in 0.017261 seconds
Number of updated asset objects reloaded before import = 0
Number of asset objects unloaded after import = 24
========================================================================
Received Import Request.
  Time since last request: 22.987496 seconds.
  path: Assets/1.CityBuilder-Assets/Models Folder Contents/Barn.mat
  artifactKey: Guid(02b7f7666da24da43bdcad1ada4128b7) Importer(815301076,1909f56bfc062723c751e8b465ee728b)
Start importing Assets/1.CityBuilder-Assets/Models Folder Contents/Barn.mat using Guid(02b7f7666da24da43bdcad1ada4128b7) Importer(815301076,1909f56bfc062723c751e8b465ee728b)  -> (artifact id: '71f8ec58a01497992c5da11a995c7ccc') in 0.044632 seconds
Number of updated asset objects reloaded before import = 0
Number of asset objects unloaded after import = 2
========================================================================
Received Import Request.
  Time since last request: 0.000028 seconds.
  path: Assets/1.CityBuilder-Assets/Models Folder Contents/House.mat
  artifactKey: Guid(a5f6e755f02d4874d8cf3a292ff6608e) Importer(815301076,1909f56bfc062723c751e8b465ee728b)
Start importing Assets/1.CityBuilder-Assets/Models Folder Contents/House.mat using Guid(a5f6e755f02d4874d8cf3a292ff6608e) Importer(815301076,1909f56bfc062723c751e8b465ee728b)  -> (artifact id: '314abfcf93d983aece5e082dbf4b422c') in 0.017596 seconds
Number of updated asset objects reloaded before import = 0
Number of asset objects unloaded after import = 2
========================================================================
Received Import Request.
  Time since last request: 103.005786 seconds.
  path: Assets/prefab/BuildingFarm.prefab
  artifactKey: Guid(fe9084955cd0a3d4bab101afe521f9ba) Importer(815301076,1909f56bfc062723c751e8b465ee728b)
Start importing Assets/prefab/BuildingFarm.prefab using Guid(fe9084955cd0a3d4bab101afe521f9ba) Importer(815301076,1909f56bfc062723c751e8b465ee728b)  -> (artifact id: '5f1b5d073c3518b42f031f633cafa1ba') in 0.016740 seconds
Number of updated asset objects reloaded before import = 0
Number of asset objects unloaded after import = 47
========================================================================
Received Import Request.
  Time since last request: 64.340607 seconds.
  path: Assets/prefab/factory.prefab
  artifactKey: Guid(29c61fc8d74eae44380ab42c33565e87) Importer(815301076,1909f56bfc062723c751e8b465ee728b)
Start importing Assets/prefab/factory.prefab using Guid(29c61fc8d74eae44380ab42c33565e87) Importer(815301076,1909f56bfc062723c751e8b465ee728b)  -> (artifact id: 'b3bb4803bf68a6b27553f505c437505d') in 0.016747 seconds
Number of updated asset objects reloaded before import = 0
Number of asset objects unloaded after import = 21
========================================================================
Received Import Request.
  Time since last request: 44.448615 seconds.
  path: Assets/prefab/BuildingFactory.prefab
  artifactKey: Guid(ffe3f4c773008754c80f23e96b0e9fa2) Importer(815301076,1909f56bfc062723c751e8b465ee728b)
Start importing Assets/prefab/BuildingFactory.prefab using Guid(ffe3f4c773008754c80f23e96b0e9fa2) Importer(815301076,1909f56bfc062723c751e8b465ee728b)  -> (artifact id: '3e8b6a39a4d72e73b8234dbd837188db') in 0.013066 seconds
Number of updated asset objects reloaded before import = 0
Number of asset objects unloaded after import = 39
========================================================================
Received Import Request.
  Time since last request: 73.558107 seconds.
  path: Assets/BuildingPreset/Factory.asset
  artifactKey: Guid(20b0a36282db68e40a5be64255cf47c5) Importer(815301076,1909f56bfc062723c751e8b465ee728b)
Start importing Assets/BuildingPreset/Factory.asset using Guid(20b0a36282db68e40a5be64255cf47c5) Importer(815301076,1909f56bfc062723c751e8b465ee728b)  -> (artifact id: '229d2f0003fc625b9ddf166989123b17') in 0.002008 seconds
Number of updated asset objects reloaded before import = 0
Number of asset objects unloaded after import = 12
========================================================================
Received Import Request.
  Time since last request: 0.000017 seconds.
  path: Assets/BuildingPreset/House 1.asset
  artifactKey: Guid(86f2b68fdbcfa9d4c982797777d2a870) Importer(815301076,1909f56bfc062723c751e8b465ee728b)
Start importing Assets/BuildingPreset/House 1.asset using Guid(86f2b68fdbcfa9d4c982797777d2a870) Importer(815301076,1909f56bfc062723c751e8b465ee728b)  -> (artifact id: 'df6d63c26173346b60a0af59c0b1ed6e') in 0.002276 seconds
Number of updated asset objects reloaded before import = 0
Number of asset objects unloaded after import = 13
========================================================================
Received Import Request.
  Time since last request: 3.377192 seconds.
  path: Assets/BuildingPreset/Road.asset
  artifactKey: Guid(86f2b68fdbcfa9d4c982797777d2a870) Importer(815301076,1909f56bfc062723c751e8b465ee728b)
Start importing Assets/BuildingPreset/Road.asset using Guid(86f2b68fdbcfa9d4c982797777d2a870) Importer(815301076,1909f56bfc062723c751e8b465ee728b)  -> (artifact id: 'fbb86debb32ca50a746363c6512fd1ac') in 0.001864 seconds
Number of updated asset objects reloaded before import = 0
Number of asset objects unloaded after import = 13
========================================================================
Received Import Request.
  Time since last request: 106.953862 seconds.
  path: Assets/1.CityBuilder-Assets/Textures Folder Contents/Materials/Grass 1.mat
  artifactKey: Guid(27f79d6bbeabcbd4dbd5b9e4b733c7f5) Importer(815301076,1909f56bfc062723c751e8b465ee728b)
Start importing Assets/1.CityBuilder-Assets/Textures Folder Contents/Materials/Grass 1.mat using Guid(27f79d6bbeabcbd4dbd5b9e4b733c7f5) Importer(815301076,1909f56bfc062723c751e8b465ee728b)  -> (artifact id: '37cfdfe149d60a12b3bd319b9332f35b') in 0.014862 seconds
Number of updated asset objects reloaded before import = 0
Number of asset objects unloaded after import = 2
========================================================================
Received Import Request.
  Time since last request: 2.983079 seconds.
  path: Assets/1.CityBuilder-Assets/Textures Folder Contents/Materials/road.mat
  artifactKey: Guid(27f79d6bbeabcbd4dbd5b9e4b733c7f5) Importer(815301076,1909f56bfc062723c751e8b465ee728b)
Start importing Assets/1.CityBuilder-Assets/Textures Folder Contents/Materials/road.mat using Guid(27f79d6bbeabcbd4dbd5b9e4b733c7f5) Importer(815301076,1909f56bfc062723c751e8b465ee728b)  -> (artifact id: 'b88bee9dc708129b7d77300ac8266e5b') in 0.017885 seconds
Number of updated asset objects reloaded before import = 0
Number of asset objects unloaded after import = 2
========================================================================
Received Import Request.
  Time since last request: 44.626371 seconds.
  path: Assets/BuildingPreset/Road.asset
  artifactKey: Guid(86f2b68fdbcfa9d4c982797777d2a870) Importer(815301076,1909f56bfc062723c751e8b465ee728b)
Start importing Assets/BuildingPreset/Road.asset using Guid(86f2b68fdbcfa9d4c982797777d2a870) Importer(815301076,1909f56bfc062723c751e8b465ee728b)  -> (artifact id: 'f37cbee60bcdc8b906027df9c27b5663') in 0.002511 seconds
Number of updated asset objects reloaded before import = 0
Number of asset objects unloaded after import = 13
========================================================================
Received Import Request.
  Time since last request: 6.233294 seconds.
  path: Assets/prefab/BuildingFactory.prefab
  artifactKey: Guid(ffe3f4c773008754c80f23e96b0e9fa2) Importer(815301076,1909f56bfc062723c751e8b465ee728b)
Start importing Assets/prefab/BuildingFactory.prefab using Guid(ffe3f4c773008754c80f23e96b0e9fa2) Importer(815301076,1909f56bfc062723c751e8b465ee728b)  -> (artifact id: '50cad18326fd05e773d9c851897e8540') in 0.009915 seconds
Number of updated asset objects reloaded before import = 0
Number of asset objects unloaded after import = 16
========================================================================
Received Import Request.
  Time since last request: 0.000023 seconds.
  path: Assets/prefab/BuildingHouse.prefab
  artifactKey: Guid(9fae146b3fb312543a7b51ba717b9f5a) Importer(815301076,1909f56bfc062723c751e8b465ee728b)
Start importing Assets/prefab/BuildingHouse.prefab using Guid(9fae146b3fb312543a7b51ba717b9f5a) Importer(815301076,1909f56bfc062723c751e8b465ee728b)  -> (artifact id: 'c6ca0f840adbd0fdc7b2d9a16404fb7b') in 0.018839 seconds
Number of updated asset objects reloaded before import = 0
Number of asset objects unloaded after import = 24
========================================================================
Received Import Request.
  Time since last request: 2.289415 seconds.
  path: Assets/prefab/BuildingRoad.prefab
  artifactKey: Guid(a80993d2c3320484cb26475ecf9ac3c8) Importer(815301076,1909f56bfc062723c751e8b465ee728b)
Start importing Assets/prefab/BuildingRoad.prefab using Guid(a80993d2c3320484cb26475ecf9ac3c8) Importer(815301076,1909f56bfc062723c751e8b465ee728b)  -> (artifact id: '7223b748ca46fe6c6c6045057a199c38') in 0.014117 seconds
Number of updated asset objects reloaded before import = 0
Number of asset objects unloaded after import = 36
========================================================================
Received Import Request.
  Time since last request: 78.123230 seconds.
  path: Assets/prefab/BuildingRoad.prefab
  artifactKey: Guid(a80993d2c3320484cb26475ecf9ac3c8) Importer(815301076,1909f56bfc062723c751e8b465ee728b)
Start importing Assets/prefab/BuildingRoad.prefab using Guid(a80993d2c3320484cb26475ecf9ac3c8) Importer(815301076,1909f56bfc062723c751e8b465ee728b)  -> (artifact id: '9b84041196957c4395bd58a8820c1ea2') in 0.017493 seconds
Number of updated asset objects reloaded before import = 0
Number of asset objects unloaded after import = 13
